actionid: py27
msg: getenv
cmdargs: [local('/home/ubuntu/syncano-python/.tox/py27/bin/pip'), 'install', '-rrequirements.txt']
env: {'CIRCLE_BUILD_NUM': '849', 'SSH_ASKPASS': 'false', 'PYPI_PASSWORD': 'm#raDu7avu', 'CI_PULL_REQUESTS': '', 'VIRTUAL_ENV': '/home/ubuntu/syncano-python/.tox/py27', 'NVM_CD_FLAGS': '', 'rvm_trust_rvmrcs_flag': '1', 'PYTHONHASHSEED': '2553979880', 'rvm_path': '/home/ubuntu/.rvm', 'CIRCLE_USERNAME': 'opalczynski', 'RUBY_VERSION': 'ruby-1.9.3-p448', 'SSH_CLIENT': '10.230.128.48 57992 22', 'CIRCLE_REPOSITORY_URL': 'https://github.com/Syncano/syncano-python', 'USER': 'ubuntu', 'NVM_DIR': '/home/ubuntu/nvm', 'M2': '/home/ubuntu/.m2/apache-maven-3.2.5/bin', 'PATH': '/home/ubuntu/syncano-python/.tox/py27/bin:/usr/local/heroku/bin:/opt/google-cloud-sdk/bin:/home/ubuntu/virtualenvs/venv-2.7.5/bin:/home/ubuntu/.pyenv/shims:/home/ubuntu/.pyenv/bin:/home/ubuntu/.local/bin:/home/ubuntu/.go_workspace/bin:/usr/local/go_workspace/bin:/usr/local/go/bin:/opt/ghc/7.6.3/bin:/opt/happy/1.19.3/bin:/opt/alex/3.1.3/bin:/opt/cabal/1.22/bin:/opt/google-cloud-sdk/bin:/home/ubuntu/.m2/apache-maven-3.2.5/bin:/home/ubuntu/nvm/v0.10.33/bin:/home/ubuntu/.phpenv/shims:/home/ubuntu/.phpenv/bin:/home/ubuntu/.rvm/gems/ruby-1.9.3-p448/bin:/home/ubuntu/.rvm/gems/ruby-1.9.3-p448@global/bin:/home/ubuntu/.rvm/rubies/ruby-1.9.3-p448/bin:/home/ubuntu/bin:/usr/local/sbin:/usr/local/bin:/usr/sbin:/usr/bin:/sbin:/bin:/usr/games:/usr/local/android-sdk-linux/tools:/usr/local/android-sdk-linux/platform-tools:/home/ubuntu/.rvm/bin:/home/ubuntu/.composer/vendor/bin:/usr/local/gradle-1.10/bin:/usr/local/heroku/bin:/home/ubuntu/.rvm/bin', 'CIRCLE_PROJECT_USERNAME': 'Syncano', 'PS1': '(venv-2.7.5)', 'INTEGRATION_API_KEY': 'e60f4959f37c2e15f64642d581e07a83f800e048', 'DISPLAY': ':99', 'CIRCLE_COMPARE_URL': 'https://github.com/Syncano/syncano-python/compare/ebe4660ce3c1...66a2330a4cfa', 'MAVEN_OPTS': '-Xmx2048m', 'TERM': 'vt100', 'SHELL': '/bin/bash', 'CIRCLECI': 'true', 'XDG_SESSION_COOKIE': '2afcc6735b5bf98530bcc52100000490-1458726844.917621-1608383860', 'PYENV_SHELL': 'bash', 'NVM_PATH': '/home/ubuntu/nvm/v0.10.33/lib/node', 'SHLVL': '1', 'rvm_gemset_create_on_use_flag': '1', 'rvm_version': '1.26.10 (1.26.10)', 'INTEGRATION_USER_PASSWORD': 'karlov89', 'PYPI_USER': 'syncano', 'NVM_BIN': '/home/ubuntu/nvm/v0.10.33/bin', 'INTEGRATION_API_PASSWORD': 'integration_tests', 'INTEGRATION_API_ROOT': 'https://api.syncano.rocks/', 'CIRCLE_NODE_INDEX': '0', 'CIRCLE_NODE_TOTAL': '1', 'MANPATH': '/home/ubuntu/nvm/v0.10.33/share/man:/home/ubuntu/.rvm/rubies/ruby-1.9.3-p448/share/man:/usr/local/man:/usr/local/share/man:/usr/share/man:/home/ubuntu/.rvm/man', 'INTEGRATION_INSTANCE_NAME': 'test_login', 'CIRCLE_TEST_REPORTS': '/tmp/circle-junit.fNtYX5p', 'CIRCLE_PREVIOUS_BUILD_NUM': '786', 'M2_HOME': '/home/ubuntu/.m2/apache-maven-3.2.5', '_system_arch': 'x86_64', 'HOME': '/home/ubuntu', 'AHA_API_TOKEN': 'bWljaGFsLmtvYnVzQHN5bmNhbm8uY29tOnhBdmkzNDRfKw==', 'rvm_bin_path': '/home/ubuntu/.rvm/bin', 'LANG': 'en_US.UTF-8', 'CI': 'true', 'rvm_prefix': '/home/ubuntu', 'RBENV_SHELL': 'bash', 'CI_REPORTS': '/tmp/circle-junit.fNtYX5p', 'CIRCLE_SHA1': '66a2330a4cface9a58f8e102bc26863e96760944', 'JAVA_HOME': '/usr/lib/jvm/jdk1.7.0', 'IRBRC': '/home/ubuntu/.rvm/rubies/ruby-1.9.3-p448/.irbrc', '_system_type': 'Linux', 'MY_RUBY_HOME': '/home/ubuntu/.rvm/rubies/ruby-1.9.3-p448', 'CI_PULL_REQUEST': '', 'GIT_ASKPASS': 'echo', 'ANDROID_HOME': '/usr/local/android-sdk-linux', '_': '/home/ubuntu/virtualenvs/venv-2.7.5/bin/tox', 'LOGNAME': 'ubuntu', 'ADB_INSTALL_TIMEOUT': '10', 'CIRCLE_BUILD_URL': 'https://circleci.com/gh/Syncano/syncano-python/849', 'INTEGRATION_USER_NAME': 'boris', 'NVM_IOJS_ORG_MIRROR': 'https://iojs.org/dist', 'INTEGRATION_API_EMAIL': 'daniel.kopka+integration_tests@syncano.com', 'MAIL': '/var/mail/ubuntu', 'SSH_TTY': '/dev/pts/5', 'OLDPWD': '/home/ubuntu', 'CIRCLE_PROJECT_REPONAME': 'syncano-python', 'ANDROID_NDK': '/usr/local/android-ndk', 'CIRCLE_BRANCH': 'master', 'GEM_PATH': '/home/ubuntu/.rvm/gems/ruby-1.9.3-p448:/home/ubuntu/.rvm/gems/ruby-1.9.3-p448@global', 'PWD': '/home/ubuntu/syncano-python', 'CIRCLE_ARTIFACTS': '/tmp/circle-artifacts.pM21KiH', '_system_version': '12.04', '_system_name': 'Ubuntu', 'GOPATH': '/home/ubuntu/.go_workspace:/usr/local/go_workspace', 'SSH_CONNECTION': '10.230.128.48 57992 10.0.3.90 22', 'GEM_HOME': '/home/ubuntu/.rvm/gems/ruby-1.9.3-p448', 'NVM_NODEJS_ORG_MIRROR': 'https://nodejs.org/dist'}

Collecting Unidecode==0.4.18 (from -r requirements.txt (line 1))
/home/ubuntu/syncano-python/.tox/py27/lib/python2.7/site-packages/pip/_vendor/requests/packages/urllib3/util/ssl_.py:315: SNIMissingWarning: An HTTPS request has been made, but the SNI (Subject Name Indication) extension to TLS is not available on this platform. This may cause the server to present an incorrect TLS certificate, which can cause validation failures. For more information, see https://urllib3.readthedocs.org/en/latest/security.html#snimissingwarning.
  SNIMissingWarning
/home/ubuntu/syncano-python/.tox/py27/lib/python2.7/site-packages/pip/_vendor/requests/packages/urllib3/util/ssl_.py:120: InsecurePlatformWarning: A true SSLContext object is not available. This prevents urllib3 from configuring SSL appropriately and may cause certain SSL connections to fail. For more information, see https://urllib3.readthedocs.org/en/latest/security.html#insecureplatformwarning.
  InsecurePlatformWarning
  Downloading Unidecode-0.04.18.tar.gz (206kB)
Collecting coverage==3.7.1 (from -r requirements.txt (line 2))
  Downloading coverage-3.7.1.tar.gz (284kB)
Collecting pep8==1.5.7 (from -r requirements.txt (line 3))
  Downloading pep8-1.5.7-py2.py3-none-any.whl
Collecting flake8==2.4.1 (from -r requirements.txt (line 4))
  Downloading flake8-2.4.1-py2.py3-none-any.whl
Collecting funcsigs==0.4 (from -r requirements.txt (line 5))
  Downloading funcsigs-0.4-py2.py3-none-any.whl
Collecting isort==4.0.0 (from -r requirements.txt (line 6))
  Downloading isort-4.0.0-py2.py3-none-any.whl
Collecting mccabe==0.3.1 (from -r requirements.txt (line 7))
  Downloading mccabe-0.3.1-py2.py3-none-any.whl
Collecting mock==1.3.0 (from -r requirements.txt (line 8))
  Downloading mock-1.3.0-py2.py3-none-any.whl (56kB)
Collecting nose==1.3.7 (from -r requirements.txt (line 9))
  Using cached nose-1.3.7-py2-none-any.whl
Collecting pbr==1.6.0 (from -r requirements.txt (line 10))
  Downloading pbr-1.6.0-py2.py3-none-any.whl (87kB)
Collecting pyflakes==0.8.1 (from -r requirements.txt (line 11))
  Downloading pyflakes-0.8.1-py2.py3-none-any.whl
Collecting python-slugify==0.1.0 (from -r requirements.txt (line 12))
  Downloading python-slugify-0.1.0.tar.gz
Collecting requests==2.7.0 (from -r requirements.txt (line 13))
  Downloading requests-2.7.0-py2.py3-none-any.whl (470kB)
Collecting six==1.9.0 (from -r requirements.txt (line 14))
  Downloading six-1.9.0-py2.py3-none-any.whl
Collecting validictory==1.0.0 (from -r requirements.txt (line 15))
  Downloading validictory-1.0.0-py2.py3-none-any.whl
Building wheels for collected packages: Unidecode, coverage, python-slugify
  Running setup.py bdist_wheel for Unidecode: started
  Running setup.py bdist_wheel for Unidecode: finished with status 'done'
  Stored in directory: /home/ubuntu/.cache/pip/wheels/a8/85/b6/71cbccded974d5a8e15cbe7d22066d87f34329d98c7ed5d786
  Running setup.py bdist_wheel for coverage: started
  Running setup.py bdist_wheel for coverage: finished with status 'done'
  Stored in directory: /home/ubuntu/.cache/pip/wheels/1c/2d/55/470890618558cacad65599407445c2a1636222bd896c9023f3
  Running setup.py bdist_wheel for python-slugify: started
  Running setup.py bdist_wheel for python-slugify: finished with status 'done'
  Stored in directory: /home/ubuntu/.cache/pip/wheels/83/b6/7e/7c3a92ee98bb8dfee94d77d16d9e38ec32a2462c3df0254e6d
Successfully built Unidecode coverage python-slugify
Installing collected packages: Unidecode, coverage, pep8, mccabe, pyflakes, flake8, funcsigs, isort, pbr, six, mock, nose, python-slugify, requests, validictory
Successfully installed Unidecode-0.4.18 coverage-3.7.1 flake8-2.4.1 funcsigs-0.4 isort-4.0.0 mccabe-0.3.1 mock-1.3.0 nose-1.3.7 pbr-1.6.0 pep8-1.5.7 pyflakes-0.8.1 python-slugify-0.1.0 requests-2.7.0 six-1.9.0 validictory-1.0.0
