actionid: py27
msg: installpkg
cmdargs: [local('/home/ubuntu/syncano-python/.tox/py27/bin/pip'), 'install', '/home/ubuntu/syncano-python/.tox/dist/syncano-5.0.0.zip']
env: {'CIRCLE_BUILD_NUM': '849', 'SSH_ASKPASS': 'false', 'PYPI_PASSWORD': 'm#raDu7avu', 'CI_PULL_REQUESTS': '', 'VIRTUAL_ENV': '/home/ubuntu/syncano-python/.tox/py27', 'NVM_CD_FLAGS': '', 'rvm_trust_rvmrcs_flag': '1', 'PYTHONHASHSEED': '2553979880', 'rvm_path': '/home/ubuntu/.rvm', 'CIRCLE_USERNAME': 'opalczynski', 'RUBY_VERSION': 'ruby-1.9.3-p448', 'SSH_CLIENT': '10.230.128.48 57992 22', 'CIRCLE_REPOSITORY_URL': 'https://github.com/Syncano/syncano-python', 'USER': 'ubuntu', 'NVM_DIR': '/home/ubuntu/nvm', 'M2': '/home/ubuntu/.m2/apache-maven-3.2.5/bin', 'PATH': '/home/ubuntu/syncano-python/.tox/py27/bin:/usr/local/heroku/bin:/opt/google-cloud-sdk/bin:/home/ubuntu/virtualenvs/venv-2.7.5/bin:/home/ubuntu/.pyenv/shims:/home/ubuntu/.pyenv/bin:/home/ubuntu/.local/bin:/home/ubuntu/.go_workspace/bin:/usr/local/go_workspace/bin:/usr/local/go/bin:/opt/ghc/7.6.3/bin:/opt/happy/1.19.3/bin:/opt/alex/3.1.3/bin:/opt/cabal/1.22/bin:/opt/google-cloud-sdk/bin:/home/ubuntu/.m2/apache-maven-3.2.5/bin:/home/ubuntu/nvm/v0.10.33/bin:/home/ubuntu/.phpenv/shims:/home/ubuntu/.phpenv/bin:/home/ubuntu/.rvm/gems/ruby-1.9.3-p448/bin:/home/ubuntu/.rvm/gems/ruby-1.9.3-p448@global/bin:/home/ubuntu/.rvm/rubies/ruby-1.9.3-p448/bin:/home/ubuntu/bin:/usr/local/sbin:/usr/local/bin:/usr/sbin:/usr/bin:/sbin:/bin:/usr/games:/usr/local/android-sdk-linux/tools:/usr/local/android-sdk-linux/platform-tools:/home/ubuntu/.rvm/bin:/home/ubuntu/.composer/vendor/bin:/usr/local/gradle-1.10/bin:/usr/local/heroku/bin:/home/ubuntu/.rvm/bin', 'CIRCLE_PROJECT_USERNAME': 'Syncano', 'PS1': '(venv-2.7.5)', 'INTEGRATION_API_KEY': 'e60f4959f37c2e15f64642d581e07a83f800e048', 'DISPLAY': ':99', 'CIRCLE_COMPARE_URL': 'https://github.com/Syncano/syncano-python/compare/ebe4660ce3c1...66a2330a4cfa', 'MAVEN_OPTS': '-Xmx2048m', 'TERM': 'vt100', 'SHELL': '/bin/bash', 'CIRCLECI': 'true', 'XDG_SESSION_COOKIE': '2afcc6735b5bf98530bcc52100000490-1458726844.917621-1608383860', 'PYENV_SHELL': 'bash', 'NVM_PATH': '/home/ubuntu/nvm/v0.10.33/lib/node', 'SHLVL': '1', 'rvm_gemset_create_on_use_flag': '1', 'rvm_version': '1.26.10 (1.26.10)', 'INTEGRATION_USER_PASSWORD': 'karlov89', 'PYPI_USER': 'syncano', 'NVM_BIN': '/home/ubuntu/nvm/v0.10.33/bin', 'INTEGRATION_API_PASSWORD': 'integration_tests', 'INTEGRATION_API_ROOT': 'https://api.syncano.rocks/', 'CIRCLE_NODE_INDEX': '0', 'CIRCLE_NODE_TOTAL': '1', 'MANPATH': '/home/ubuntu/nvm/v0.10.33/share/man:/home/ubuntu/.rvm/rubies/ruby-1.9.3-p448/share/man:/usr/local/man:/usr/local/share/man:/usr/share/man:/home/ubuntu/.rvm/man', 'INTEGRATION_INSTANCE_NAME': 'test_login', 'CIRCLE_TEST_REPORTS': '/tmp/circle-junit.fNtYX5p', 'CIRCLE_PREVIOUS_BUILD_NUM': '786', 'M2_HOME': '/home/ubuntu/.m2/apache-maven-3.2.5', '_system_arch': 'x86_64', 'HOME': '/home/ubuntu', 'AHA_API_TOKEN': 'bWljaGFsLmtvYnVzQHN5bmNhbm8uY29tOnhBdmkzNDRfKw==', 'rvm_bin_path': '/home/ubuntu/.rvm/bin', 'LANG': 'en_US.UTF-8', 'CI': 'true', 'rvm_prefix': '/home/ubuntu', 'RBENV_SHELL': 'bash', 'CI_REPORTS': '/tmp/circle-junit.fNtYX5p', 'CIRCLE_SHA1': '66a2330a4cface9a58f8e102bc26863e96760944', 'JAVA_HOME': '/usr/lib/jvm/jdk1.7.0', 'IRBRC': '/home/ubuntu/.rvm/rubies/ruby-1.9.3-p448/.irbrc', '_system_type': 'Linux', 'MY_RUBY_HOME': '/home/ubuntu/.rvm/rubies/ruby-1.9.3-p448', 'CI_PULL_REQUEST': '', 'GIT_ASKPASS': 'echo', 'ANDROID_HOME': '/usr/local/android-sdk-linux', '_': '/home/ubuntu/virtualenvs/venv-2.7.5/bin/tox', 'LOGNAME': 'ubuntu', 'ADB_INSTALL_TIMEOUT': '10', 'CIRCLE_BUILD_URL': 'https://circleci.com/gh/Syncano/syncano-python/849', 'INTEGRATION_USER_NAME': 'boris', 'NVM_IOJS_ORG_MIRROR': 'https://iojs.org/dist', 'INTEGRATION_API_EMAIL': 'daniel.kopka+integration_tests@syncano.com', 'MAIL': '/var/mail/ubuntu', 'SSH_TTY': '/dev/pts/5', 'OLDPWD': '/home/ubuntu', 'CIRCLE_PROJECT_REPONAME': 'syncano-python', 'ANDROID_NDK': '/usr/local/android-ndk', 'CIRCLE_BRANCH': 'master', 'GEM_PATH': '/home/ubuntu/.rvm/gems/ruby-1.9.3-p448:/home/ubuntu/.rvm/gems/ruby-1.9.3-p448@global', 'PWD': '/home/ubuntu/syncano-python', 'CIRCLE_ARTIFACTS': '/tmp/circle-artifacts.pM21KiH', '_system_version': '12.04', '_system_name': 'Ubuntu', 'GOPATH': '/home/ubuntu/.go_workspace:/usr/local/go_workspace', 'SSH_CONNECTION': '10.230.128.48 57992 10.0.3.90 22', 'GEM_HOME': '/home/ubuntu/.rvm/gems/ruby-1.9.3-p448', 'NVM_NODEJS_ORG_MIRROR': 'https://nodejs.org/dist'}

Processing ./.tox/dist/syncano-5.0.0.zip
Requirement already satisfied (use --upgrade to upgrade): requests==2.7.0 in ./.tox/py27/lib/python2.7/site-packages (from syncano==5.0.0)
Collecting certifi==2015.09.06.2 (from syncano==5.0.0)
/home/ubuntu/syncano-python/.tox/py27/lib/python2.7/site-packages/pip/_vendor/requests/packages/urllib3/util/ssl_.py:315: SNIMissingWarning: An HTTPS request has been made, but the SNI (Subject Name Indication) extension to TLS is not available on this platform. This may cause the server to present an incorrect TLS certificate, which can cause validation failures. For more information, see https://urllib3.readthedocs.org/en/latest/security.html#snimissingwarning.
  SNIMissingWarning
/home/ubuntu/syncano-python/.tox/py27/lib/python2.7/site-packages/pip/_vendor/requests/packages/urllib3/util/ssl_.py:120: InsecurePlatformWarning: A true SSLContext object is not available. This prevents urllib3 from configuring SSL appropriately and may cause certain SSL connections to fail. For more information, see https://urllib3.readthedocs.org/en/latest/security.html#insecureplatformwarning.
  InsecurePlatformWarning
  Downloading certifi-2015.9.6.2-py2.py3-none-any.whl (371kB)
Collecting ndg-httpsclient==0.4.0 (from syncano==5.0.0)
  Downloading ndg_httpsclient-0.4.0.tar.gz
Collecting pyasn1==0.1.8 (from syncano==5.0.0)
  Downloading pyasn1-0.1.8.tar.gz (75kB)
Collecting pyOpenSSL==0.15.1 (from syncano==5.0.0)
  Downloading pyOpenSSL-0.15.1-py2.py3-none-any.whl (102kB)
Requirement already satisfied (use --upgrade to upgrade): python-slugify==0.1.0 in ./.tox/py27/lib/python2.7/site-packages (from syncano==5.0.0)
Requirement already satisfied (use --upgrade to upgrade): six==1.9.0 in ./.tox/py27/lib/python2.7/site-packages (from syncano==5.0.0)
Requirement already satisfied (use --upgrade to upgrade): validictory==1.0.0 in ./.tox/py27/lib/python2.7/site-packages (from syncano==5.0.0)
Collecting cryptography>=0.7 (from pyOpenSSL==0.15.1->syncano==5.0.0)
  Downloading cryptography-1.3.1.tar.gz (383kB)
Requirement already satisfied (use --upgrade to upgrade): Unidecode>=0.04.16 in ./.tox/py27/lib/python2.7/site-packages (from python-slugify==0.1.0->syncano==5.0.0)
Collecting idna>=2.0 (from cryptography>=0.7->pyOpenSSL==0.15.1->syncano==5.0.0)
  Downloading idna-2.1-py2-none-any.whl (54kB)
Requirement already satisfied (use --upgrade to upgrade): setuptools>=11.3 in ./.tox/py27/lib/python2.7/site-packages (from cryptography>=0.7->pyOpenSSL==0.15.1->syncano==5.0.0)
Collecting enum34 (from cryptography>=0.7->pyOpenSSL==0.15.1->syncano==5.0.0)
  Downloading enum34-1.1.2.tar.gz (46kB)
Collecting ipaddress (from cryptography>=0.7->pyOpenSSL==0.15.1->syncano==5.0.0)
  Downloading ipaddress-1.0.16-py27-none-any.whl
Collecting cffi>=1.4.1 (from cryptography>=0.7->pyOpenSSL==0.15.1->syncano==5.0.0)
  Downloading cffi-1.5.2.tar.gz (388kB)
Collecting pycparser (from cffi>=1.4.1->cryptography>=0.7->pyOpenSSL==0.15.1->syncano==5.0.0)
  Downloading pycparser-2.14.tar.gz (223kB)
Building wheels for collected packages: syncano, ndg-httpsclient, pyasn1, cryptography, enum34, cffi, pycparser
  Running setup.py bdist_wheel for syncano: started
  Running setup.py bdist_wheel for syncano: finished with status 'done'
  Stored in directory: /home/ubuntu/.cache/pip/wheels/58/f3/a9/aef786592b89670d2c08ed73b9766db11760ab01950cf0c504
  Running setup.py bdist_wheel for ndg-httpsclient: started
  Running setup.py bdist_wheel for ndg-httpsclient: finished with status 'done'
  Stored in directory: /home/ubuntu/.cache/pip/wheels/30/85/40/a29750f9287fe119a10708580a73cfb16f51e5f9a820430a2d
  Running setup.py bdist_wheel for pyasn1: started
  Running setup.py bdist_wheel for pyasn1: finished with status 'done'
  Stored in directory: /home/ubuntu/.cache/pip/wheels/c4/c5/95/c73b6aecd3119583f44a299c290a2d94bc3f67ae38728af1ef
  Running setup.py bdist_wheel for cryptography: started
  Running setup.py bdist_wheel for cryptography: finished with status 'done'
  Stored in directory: /home/ubuntu/.cache/pip/wheels/13/2d/2d/ac35fe11203b317592879853657f6f547826b78660f61e74bb
  Running setup.py bdist_wheel for enum34: started
  Running setup.py bdist_wheel for enum34: finished with status 'done'
  Stored in directory: /home/ubuntu/.cache/pip/wheels/1a/4e/a5/bc564dd03d9abe991425c88d88aa8c5c99ad9a733551b69b4e
  Running setup.py bdist_wheel for cffi: started
  Running setup.py bdist_wheel for cffi: finished with status 'done'
  Stored in directory: /home/ubuntu/.cache/pip/wheels/27/94/68/1a8c5c1e8492c8a853e5c96e29fef5a62d00230cefa1389eb5
  Running setup.py bdist_wheel for pycparser: started
  Running setup.py bdist_wheel for pycparser: finished with status 'done'
  Stored in directory: /home/ubuntu/.cache/pip/wheels/c7/28/31/bac6d0b118c0bdcbf57f9219afdf2e624379c07efa6c769dbc
Successfully built syncano ndg-httpsclient pyasn1 cryptography enum34 cffi pycparser
Installing collected packages: certifi, idna, pyasn1, enum34, ipaddress, pycparser, cffi, cryptography, pyOpenSSL, ndg-httpsclient, syncano
Successfully installed certifi-2015.9.6.2 cffi-1.5.2 cryptography-1.3.1 enum34-1.1.2 idna-2.1 ipaddress-1.0.16 ndg-httpsclient-0.4.0 pyOpenSSL-0.15.1 pyasn1-0.1.8 pycparser-2.14 syncano-5.0.0
